<?xml version="1.0" encoding="UTF-8"?>
<testsuite xmlns:xsi="http://www.w3.org/2001/XMLSchema-instance" xsi:noNamespaceSchemaLocation="https://maven.apache.org/surefire/maven-surefire-plugin/xsd/surefire-test-report.xsd" name="com.engage.so.UserResourceTest" time="7.794" tests="11" errors="0" skipped="0" failures="0">
  <properties>
    <property name="java.specification.version" value="17"/>
    <property name="sun.jnu.encoding" value="UTF-8"/>
    <property name="java.class.path" value="/Users/macbook/Documents/engage/engage-java/target/test-classes:/Users/macbook/Documents/engage/engage-java/target/classes:/Users/macbook/.m2/repository/com/konghq/unirest-java/3.13.6/unirest-java-3.13.6.jar:/Users/macbook/.m2/repository/org/apache/httpcomponents/httpclient/4.5.13/httpclient-4.5.13.jar:/Users/macbook/.m2/repository/org/apache/httpcomponents/httpcore/4.4.13/httpcore-4.4.13.jar:/Users/macbook/.m2/repository/commons-logging/commons-logging/1.2/commons-logging-1.2.jar:/Users/macbook/.m2/repository/commons-codec/commons-codec/1.11/commons-codec-1.11.jar:/Users/macbook/.m2/repository/org/apache/httpcomponents/httpmime/4.5.13/httpmime-4.5.13.jar:/Users/macbook/.m2/repository/org/apache/httpcomponents/httpcore-nio/4.4.13/httpcore-nio-4.4.13.jar:/Users/macbook/.m2/repository/org/apache/httpcomponents/httpasyncclient/4.1.5/httpasyncclient-4.1.5.jar:/Users/macbook/.m2/repository/com/google/code/gson/gson/2.8.8/gson-2.8.8.jar:/Users/macbook/.m2/repository/com/fasterxml/jackson/core/jackson-databind/2.13.0/jackson-databind-2.13.0.jar:/Users/macbook/.m2/repository/com/fasterxml/jackson/core/jackson-annotations/2.13.0/jackson-annotations-2.13.0.jar:/Users/macbook/.m2/repository/com/fasterxml/jackson/core/jackson-core/2.13.0/jackson-core-2.13.0.jar:/Users/macbook/.m2/repository/junit/junit/4.11/junit-4.11.jar:/Users/macbook/.m2/repository/org/hamcrest/hamcrest-core/1.3/hamcrest-core-1.3.jar:"/>
    <property name="java.vm.vendor" value="Homebrew"/>
    <property name="sun.arch.data.model" value="64"/>
    <property name="java.vendor.url" value="https://github.com/Homebrew/homebrew-core/issues"/>
    <property name="os.name" value="Mac OS X"/>
    <property name="java.vm.specification.version" value="17"/>
    <property name="sun.java.launcher" value="SUN_STANDARD"/>
    <property name="user.country" value="GB"/>
    <property name="sun.boot.library.path" value="/opt/homebrew/Cellar/openjdk/17.0.2/libexec/openjdk.jdk/Contents/Home/lib"/>
    <property name="sun.java.command" value="/Users/macbook/Documents/engage/engage-java/target/surefire/surefirebooter16045537185513131390.jar /Users/macbook/Documents/engage/engage-java/target/surefire 2022-12-09T15-34-26_364-jvmRun1 surefire9024037620973424287tmp surefire_013607541543313122117tmp"/>
    <property name="http.nonProxyHosts" value="local|*.local|169.254/16|*.169.254/16"/>
    <property name="jdk.debug" value="release"/>
    <property name="surefire.test.class.path" value="/Users/macbook/Documents/engage/engage-java/target/test-classes:/Users/macbook/Documents/engage/engage-java/target/classes:/Users/macbook/.m2/repository/com/konghq/unirest-java/3.13.6/unirest-java-3.13.6.jar:/Users/macbook/.m2/repository/org/apache/httpcomponents/httpclient/4.5.13/httpclient-4.5.13.jar:/Users/macbook/.m2/repository/org/apache/httpcomponents/httpcore/4.4.13/httpcore-4.4.13.jar:/Users/macbook/.m2/repository/commons-logging/commons-logging/1.2/commons-logging-1.2.jar:/Users/macbook/.m2/repository/commons-codec/commons-codec/1.11/commons-codec-1.11.jar:/Users/macbook/.m2/repository/org/apache/httpcomponents/httpmime/4.5.13/httpmime-4.5.13.jar:/Users/macbook/.m2/repository/org/apache/httpcomponents/httpcore-nio/4.4.13/httpcore-nio-4.4.13.jar:/Users/macbook/.m2/repository/org/apache/httpcomponents/httpasyncclient/4.1.5/httpasyncclient-4.1.5.jar:/Users/macbook/.m2/repository/com/google/code/gson/gson/2.8.8/gson-2.8.8.jar:/Users/macbook/.m2/repository/com/fasterxml/jackson/core/jackson-databind/2.13.0/jackson-databind-2.13.0.jar:/Users/macbook/.m2/repository/com/fasterxml/jackson/core/jackson-annotations/2.13.0/jackson-annotations-2.13.0.jar:/Users/macbook/.m2/repository/com/fasterxml/jackson/core/jackson-core/2.13.0/jackson-core-2.13.0.jar:/Users/macbook/.m2/repository/junit/junit/4.11/junit-4.11.jar:/Users/macbook/.m2/repository/org/hamcrest/hamcrest-core/1.3/hamcrest-core-1.3.jar:"/>
    <property name="sun.cpu.endian" value="little"/>
    <property name="user.home" value="/Users/macbook"/>
    <property name="user.language" value="en"/>
    <property name="java.specification.vendor" value="Oracle Corporation"/>
    <property name="java.version.date" value="2022-01-18"/>
    <property name="java.home" value="/opt/homebrew/Cellar/openjdk/17.0.2/libexec/openjdk.jdk/Contents/Home"/>
    <property name="file.separator" value="/"/>
    <property name="basedir" value="/Users/macbook/Documents/engage/engage-java"/>
    <property name="java.vm.compressedOopsMode" value="Zero based"/>
    <property name="line.separator" value="&#10;"/>
    <property name="java.specification.name" value="Java Platform API Specification"/>
    <property name="java.vm.specification.vendor" value="Oracle Corporation"/>
    <property name="surefire.real.class.path" value="/Users/macbook/Documents/engage/engage-java/target/surefire/surefirebooter16045537185513131390.jar"/>
    <property name="sun.management.compiler" value="HotSpot 64-Bit Tiered Compilers"/>
    <property name="ftp.nonProxyHosts" value="local|*.local|169.254/16|*.169.254/16"/>
    <property name="java.runtime.version" value="17.0.2+0"/>
    <property name="user.name" value="macbook"/>
    <property name="path.separator" value=":"/>
    <property name="os.version" value="12.4"/>
    <property name="java.runtime.name" value="OpenJDK Runtime Environment"/>
    <property name="file.encoding" value="UTF-8"/>
    <property name="java.vm.name" value="OpenJDK 64-Bit Server VM"/>
    <property name="java.vendor.version" value="Homebrew"/>
    <property name="localRepository" value="/Users/macbook/.m2/repository"/>
    <property name="java.vendor.url.bug" value="https://github.com/Homebrew/homebrew-core/issues"/>
    <property name="java.io.tmpdir" value="/var/folders/vm/n3gblhnd2tx3jq4dqfvwgfr80000gn/T/"/>
    <property name="java.version" value="17.0.2"/>
    <property name="user.dir" value="/Users/macbook/Documents/engage/engage-java"/>
    <property name="os.arch" value="aarch64"/>
    <property name="java.vm.specification.name" value="Java Virtual Machine Specification"/>
    <property name="native.encoding" value="UTF-8"/>
    <property name="java.library.path" value="/Users/macbook/Library/Java/Extensions:/Library/Java/Extensions:/Network/Library/Java/Extensions:/System/Library/Java/Extensions:/usr/lib/java:."/>
    <property name="java.vm.info" value="mixed mode, sharing"/>
    <property name="java.vendor" value="Homebrew"/>
    <property name="java.vm.version" value="17.0.2+0"/>
    <property name="sun.io.unicode.encoding" value="UnicodeBig"/>
    <property name="socksNonProxyHosts" value="local|*.local|169.254/16|*.169.254/16"/>
    <property name="java.class.version" value="61.0"/>
  </properties>
  <testcase name="ItShouldReturnAddAttr" classname="com.engage.so.UserResourceTest" time="2.184"/>
  <testcase name="ItShouldThrowIfNoValidId" classname="com.engage.so.UserResourceTest" time="0.002"/>
  <testcase name="ItShouldConvertToCustomer" classname="com.engage.so.UserResourceTest" time="0.715"/>
  <testcase name="ItShouldAddRemoveFromAccount" classname="com.engage.so.UserResourceTest" time="1.369"/>
  <testcase name="ItShouldChangeAccountRole" classname="com.engage.so.UserResourceTest" time="1.394"/>
  <testcase name="ItShouldConvertToAccount" classname="com.engage.so.UserResourceTest" time="0.512"/>
  <testcase name="ItShouldThrowIfNoData" classname="com.engage.so.UserResourceTest" time="0.001"/>
  <testcase name="ItShouldReturnError" classname="com.engage.so.UserResourceTest" time="0.399"/>
  <testcase name="ItShouldReturnFormatedUserJson" classname="com.engage.so.UserResourceTest" time="0.601"/>
  <testcase name="ItShouldReturnOk" classname="com.engage.so.UserResourceTest" time="0.599"/>
  <testcase name="ItShouldThrowIfNoValidEmail" classname="com.engage.so.UserResourceTest" time="0.001"/>
</testsuite>